Start testing: Sep 22 09:57 MSK
----------------------------------------------------------
1/1 Testing: unit_tests
1/1 Test: unit_tests
Command: "/home/taida/Programming/OOP_Labs/lab1/build/unit_tests"
Directory: /home/taida/Programming/OOP_Labs/lab1/build
"unit_tests" start time: Sep 22 09:57 MSK
Output:
----------------------------------------------------------
[==========] Running 3 tests from 1 test suite.
[----------] Global test environment set-up.
[----------] 3 tests from HW_compare
[ RUN      ] HW_compare.first_test
[       OK ] HW_compare.first_test (0 ms)
[ RUN      ] HW_compare.second_test
[       OK ] HW_compare.second_test (0 ms)
[ RUN      ] HW_compare.third_test
[       OK ] HW_compare.third_test (0 ms)
[----------] 3 tests from HW_compare (0 ms total)

[----------] Global test environment tear-down
[==========] 3 tests from 1 test suite ran. (0 ms total)
[  PASSED  ] 3 tests.
<end of output>
Test time =   0.00 sec
----------------------------------------------------------
Test Passed.
"unit_tests" end time: Sep 22 09:57 MSK
"unit_tests" time elapsed: 00:00:00
----------------------------------------------------------

End testing: Sep 22 09:57 MSK
